2024-11-22 14:12:45,514 - INFO - Loaded train data: 1641 samples
2024-11-22 14:12:45,517 - INFO - Loaded valid data: 469 samples
2024-11-22 14:12:45,519 - INFO - Loaded test data: 234 samples
2024-11-22 14:12:45,519 - INFO - Starting dataset analysis...
2024-11-22 14:12:47,833 - INFO - Analysis completed
2024-11-22 14:12:52,008 - INFO - Starting training for 10 epochs
2024-11-22 14:12:52,008 - INFO - Training device: cuda
2024-11-22 14:12:52,009 - INFO - Save directory: E:\University\CU_Classes\Year-1\Fall 2024\CSCI_5502_Data Mining\Milestone_project\stellar_mapping\src\analytics\image_analytics\models\Ensemble\experiments\constellation_ensemble\ensemble_model\checkpoints\ensemble_model
2024-11-22 14:12:52,009 - INFO - 
Epoch 1/10
2024-11-22 14:14:00,906 - INFO - 
Training metrics:
2024-11-22 14:14:00,907 - INFO - Loss: 1.1353
2024-11-22 14:14:00,908 - INFO - Mean AP: 0.5553
2024-11-22 14:14:23,304 - INFO - 
Validation metrics:
2024-11-22 14:14:23,305 - INFO - Loss: 0.4962
2024-11-22 14:14:23,306 - INFO - Mean AP: 0.6337
2024-11-22 14:14:24,743 - INFO - 
Saved best model with validation MAP: 0.6337
2024-11-22 14:14:26,164 - INFO - 
Ensemble weights:
2024-11-22 14:14:26,166 - INFO - CNN weight: 0.4884
2024-11-22 14:14:26,166 - INFO - ViT weight: 0.5116
2024-11-22 14:14:26,167 - INFO - 
Epoch 2/10
2024-11-22 14:15:37,223 - INFO - 
Training metrics:
2024-11-22 14:15:37,224 - INFO - Loss: 0.6210
2024-11-22 14:15:37,225 - INFO - Mean AP: 0.6558
2024-11-22 14:15:59,871 - INFO - 
Validation metrics:
2024-11-22 14:15:59,872 - INFO - Loss: 0.3144
2024-11-22 14:15:59,873 - INFO - Mean AP: 0.6632
2024-11-22 14:16:01,469 - INFO - 
Saved best model with validation MAP: 0.6632
2024-11-22 14:16:03,004 - INFO - 
Ensemble weights:
2024-11-22 14:16:03,005 - INFO - CNN weight: 0.4755
2024-11-22 14:16:03,006 - INFO - ViT weight: 0.5245
2024-11-22 14:16:03,007 - INFO - 
Epoch 3/10
2024-11-22 14:17:14,493 - INFO - 
Training metrics:
2024-11-22 14:17:14,494 - INFO - Loss: 0.4623
2024-11-22 14:17:14,495 - INFO - Mean AP: 0.7017
2024-11-22 14:17:36,983 - INFO - 
Validation metrics:
2024-11-22 14:17:36,984 - INFO - Loss: 0.2409
2024-11-22 14:17:36,985 - INFO - Mean AP: 0.6266
2024-11-22 14:17:36,987 - INFO - 
Ensemble weights:
2024-11-22 14:17:36,988 - INFO - CNN weight: 0.4640
2024-11-22 14:17:36,989 - INFO - ViT weight: 0.5360
2024-11-22 14:17:36,989 - INFO - 
Epoch 4/10
2024-11-22 14:18:48,289 - INFO - 
Training metrics:
2024-11-22 14:18:48,290 - INFO - Loss: 0.3734
2024-11-22 14:18:48,290 - INFO - Mean AP: 0.7450
2024-11-22 14:19:11,186 - INFO - 
Validation metrics:
2024-11-22 14:19:11,186 - INFO - Loss: 0.2332
2024-11-22 14:19:11,187 - INFO - Mean AP: 0.7237
2024-11-22 14:19:12,757 - INFO - 
Saved best model with validation MAP: 0.7237
2024-11-22 14:19:14,347 - INFO - 
Ensemble weights:
2024-11-22 14:19:14,348 - INFO - CNN weight: 0.4538
2024-11-22 14:19:14,349 - INFO - ViT weight: 0.5462
2024-11-22 14:19:14,349 - INFO - 
Epoch 5/10
2024-11-22 14:20:27,540 - INFO - 
Training metrics:
2024-11-22 14:20:27,541 - INFO - Loss: 0.3288
2024-11-22 14:20:27,542 - INFO - Mean AP: 0.7617
2024-11-22 14:20:51,177 - INFO - 
Validation metrics:
2024-11-22 14:20:51,178 - INFO - Loss: 0.1911
2024-11-22 14:20:51,179 - INFO - Mean AP: 0.7191
2024-11-22 14:20:51,180 - INFO - 
Ensemble weights:
2024-11-22 14:20:51,181 - INFO - CNN weight: 0.4448
2024-11-22 14:20:51,181 - INFO - ViT weight: 0.5552
2024-11-22 14:20:51,182 - INFO - 
Epoch 6/10
2024-11-22 14:22:01,384 - INFO - 
Training metrics:
2024-11-22 14:22:01,385 - INFO - Loss: 0.3036
2024-11-22 14:22:01,386 - INFO - Mean AP: 0.7926
2024-11-22 14:22:24,297 - INFO - 
Validation metrics:
2024-11-22 14:22:24,298 - INFO - Loss: 0.1796
2024-11-22 14:22:24,299 - INFO - Mean AP: 0.7321
2024-11-22 14:22:25,465 - INFO - 
Saved best model with validation MAP: 0.7321
2024-11-22 14:22:26,600 - INFO - 
Ensemble weights:
2024-11-22 14:22:26,601 - INFO - CNN weight: 0.4370
2024-11-22 14:22:26,602 - INFO - ViT weight: 0.5630
2024-11-22 14:22:26,602 - INFO - 
Epoch 7/10
2024-11-22 14:23:36,569 - INFO - 
Training metrics:
2024-11-22 14:23:36,570 - INFO - Loss: 0.2797
2024-11-22 14:23:36,571 - INFO - Mean AP: 0.8056
2024-11-22 14:23:59,652 - INFO - 
Validation metrics:
2024-11-22 14:23:59,652 - INFO - Loss: 0.1633
2024-11-22 14:23:59,653 - INFO - Mean AP: 0.7908
2024-11-22 14:24:01,210 - INFO - 
Saved best model with validation MAP: 0.7908
2024-11-22 14:24:02,674 - INFO - 
Ensemble weights:
2024-11-22 14:24:02,675 - INFO - CNN weight: 0.4303
2024-11-22 14:24:02,676 - INFO - ViT weight: 0.5697
2024-11-22 14:24:02,677 - INFO - 
Epoch 8/10
2024-11-22 14:25:10,921 - INFO - 
Training metrics:
2024-11-22 14:25:10,923 - INFO - Loss: 0.2295
2024-11-22 14:25:10,923 - INFO - Mean AP: 0.8611
2024-11-22 14:25:33,382 - INFO - 
Validation metrics:
2024-11-22 14:25:33,382 - INFO - Loss: 0.1471
2024-11-22 14:25:33,383 - INFO - Mean AP: 0.8351
2024-11-22 14:25:34,579 - INFO - 
Saved best model with validation MAP: 0.8351
2024-11-22 14:25:35,756 - INFO - 
Ensemble weights:
2024-11-22 14:25:35,757 - INFO - CNN weight: 0.4247
2024-11-22 14:25:35,757 - INFO - ViT weight: 0.5753
2024-11-22 14:25:35,758 - INFO - 
Epoch 9/10
2024-11-22 14:26:43,570 - INFO - 
Training metrics:
2024-11-22 14:26:43,572 - INFO - Loss: 0.2223
2024-11-22 14:26:43,572 - INFO - Mean AP: 0.8674
2024-11-22 14:27:05,909 - INFO - 
Validation metrics:
2024-11-22 14:27:05,910 - INFO - Loss: 0.1280
2024-11-22 14:27:05,911 - INFO - Mean AP: 0.8461
2024-11-22 14:27:07,102 - INFO - 
Saved best model with validation MAP: 0.8461
2024-11-22 14:27:08,244 - INFO - 
Ensemble weights:
2024-11-22 14:27:08,245 - INFO - CNN weight: 0.4192
2024-11-22 14:27:08,245 - INFO - ViT weight: 0.5808
2024-11-22 14:27:08,246 - INFO - 
Epoch 10/10
2024-11-22 14:28:16,288 - INFO - 
Training metrics:
2024-11-22 14:28:16,289 - INFO - Loss: 0.2081
2024-11-22 14:28:16,290 - INFO - Mean AP: 0.8844
2024-11-22 14:28:38,910 - INFO - 
Validation metrics:
2024-11-22 14:28:38,911 - INFO - Loss: 0.1613
2024-11-22 14:28:38,912 - INFO - Mean AP: 0.8153
2024-11-22 14:28:38,913 - INFO - 
Ensemble weights:
2024-11-22 14:28:38,914 - INFO - CNN weight: 0.4133
2024-11-22 14:28:38,914 - INFO - ViT weight: 0.5867
2024-11-22 14:28:42,913 - INFO - Starting evaluation...
2024-11-22 14:29:27,975 - INFO - Evaluation completed successfully
